5673 [vert.x-eventloop-thread-2] INFO  c.m.a.g.bootstrap.ServerVerticle - Starting modastylz admin api ServerVerticle...
5700 [vert.x-eventloop-thread-2] INFO  c.m.a.g.bootstrap.ServerVerticle - Http server starting on port 8080
5714 [vert.x-eventloop-thread-2] INFO  c.m.a.g.bootstrap.ServerVerticle - Http Server started successfully
121064 [vert.x-eventloop-thread-2] ERROR c.m.a.g.bootstrap.ServerVerticle - Not able to send message
io.vertx.core.eventbus.ReplyException: Timed out waiting for a reply
	at io.vertx.core.eventbus.impl.HandlerRegistration.sendAsyncResultFailure(HandlerRegistration.java:117) ~[modastylz-api-gateway-0.1-snapshot-fat.jar:na]
	at io.vertx.core.eventbus.impl.HandlerRegistration.lambda$new$147(HandlerRegistration.java:64) ~[modastylz-api-gateway-0.1-snapshot-fat.jar:na]
	at io.vertx.core.impl.VertxImpl$InternalTimerHandler.handle(VertxImpl.java:738) ~[modastylz-api-gateway-0.1-snapshot-fat.jar:na]
	at io.vertx.core.impl.VertxImpl$InternalTimerHandler.handle(VertxImpl.java:709) ~[modastylz-api-gateway-0.1-snapshot-fat.jar:na]
	at io.vertx.core.impl.ContextImpl.lambda$wrapTask$18(ContextImpl.java:335) ~[modastylz-api-gateway-0.1-snapshot-fat.jar:na]
	at io.netty.util.concurrent.SingleThreadEventExecutor.runAllTasks(SingleThreadEventExecutor.java:358) ~[modastylz-api-gateway-0.1-snapshot-fat.jar:na]
	at io.netty.channel.nio.NioEventLoop.run(NioEventLoop.java:357) ~[modastylz-api-gateway-0.1-snapshot-fat.jar:na]
	at io.netty.util.concurrent.SingleThreadEventExecutor$2.run(SingleThreadEventExecutor.java:112) ~[modastylz-api-gateway-0.1-snapshot-fat.jar:na]
	at java.lang.Thread.run(Thread.java:745) ~[na:1.8.0_111]
7219771 [vert.x-eventloop-thread-2] ERROR c.m.a.g.bootstrap.ServerVerticle - Not able to send message
io.vertx.core.eventbus.ReplyException: Timed out waiting for a reply
	at io.vertx.core.eventbus.impl.HandlerRegistration.sendAsyncResultFailure(HandlerRegistration.java:117) ~[modastylz-api-gateway-0.1-snapshot-fat.jar:na]
	at io.vertx.core.eventbus.impl.HandlerRegistration.lambda$new$147(HandlerRegistration.java:64) ~[modastylz-api-gateway-0.1-snapshot-fat.jar:na]
	at io.vertx.core.impl.VertxImpl$InternalTimerHandler.handle(VertxImpl.java:738) ~[modastylz-api-gateway-0.1-snapshot-fat.jar:na]
	at io.vertx.core.impl.VertxImpl$InternalTimerHandler.handle(VertxImpl.java:709) ~[modastylz-api-gateway-0.1-snapshot-fat.jar:na]
	at io.vertx.core.impl.ContextImpl.lambda$wrapTask$18(ContextImpl.java:335) ~[modastylz-api-gateway-0.1-snapshot-fat.jar:na]
	at io.netty.util.concurrent.SingleThreadEventExecutor.runAllTasks(SingleThreadEventExecutor.java:358) ~[modastylz-api-gateway-0.1-snapshot-fat.jar:na]
	at io.netty.channel.nio.NioEventLoop.run(NioEventLoop.java:357) ~[modastylz-api-gateway-0.1-snapshot-fat.jar:na]
	at io.netty.util.concurrent.SingleThreadEventExecutor$2.run(SingleThreadEventExecutor.java:112) ~[modastylz-api-gateway-0.1-snapshot-fat.jar:na]
	at java.lang.Thread.run(Thread.java:745) ~[na:1.8.0_111]
